#-----------------------------------------------------------
# Webtalk v2019.1 (64-bit)
# SW Build 2552052 on Fri May 24 14:49:42 MDT 2019
# 
# Start of session at: Sun Apr 18 00:14:19 2021
# Process ID: 7536
# Current directory: C:/SmartSystemsLab/SoC/Zybo-Z7-20-pcam-5c-2019.1/Zybo-Z7-20-pcam-5c-2019.1/vivado_proj/Zybo-Z7-20-pcam-5c.sdk/webtalk
# Command line: wbtcv.exe -mode batch -source sdk_webtalk.tcl
# Log file: C:/SmartSystemsLab/SoC/Zybo-Z7-20-pcam-5c-2019.1/Zybo-Z7-20-pcam-5c-2019.1/vivado_proj/Zybo-Z7-20-pcam-5c.sdk/webtalk/webtalk.log
# Journal file: C:/SmartSystemsLab/SoC/Zybo-Z7-20-pcam-5c-2019.1/Zybo-Z7-20-pcam-5c-2019.1/vivado_proj/Zybo-Z7-20-pcam-5c.sdk/webtalk\webtalk.jou
#-----------------------------------------------------------
source sdk_webtalk.tcl
# webtalk_init -webtalk_dir C:\\SmartSystemsLab\\SoC\\Zybo-Z7-20-pcam-5c-2019.1\\Zybo-Z7-20-pcam-5c-2019.1\\vivado_proj\\Zybo-Z7-20-pcam-5c.sdk\\webtalk
# webtalk_register_client -client project
# webtalk_add_data -client project -key date_generated -value "2021-04-18 00:14:17" -context "software_version_and_target_device"
# webtalk_add_data -client project -key product_version -value "SDK v2019.1" -context "software_version_and_target_device"
# webtalk_add_data -client project -key build_version -value "2019.1" -context "software_version_and_target_device"
# webtalk_add_data -client project -key os_platform -value "amd64" -context "software_version_and_target_device"
# webtalk_add_data -client project -key registration_id -value "211947161_0_0_805" -context "software_version_and_target_device"
# webtalk_add_data -client project -key tool_flow -value "SDK" -context "software_version_and_target_device"
# webtalk_add_data -client project -key beta -value "false" -context "software_version_and_target_device"
# webtalk_add_data -client project -key route_design -value "NA" -context "software_version_and_target_device"
# webtalk_add_data -client project -key target_family -value "NA" -context "software_version_and_target_device"
# webtalk_add_data -client project -key target_device -value "NA" -context "software_version_and_target_device"
# webtalk_add_data -client project -key target_package -value "NA" -context "software_version_and_target_device"
# webtalk_add_data -client project -key target_speed -value "NA" -context "software_version_and_target_device"
# webtalk_add_data -client project -key random_id -value "oa8o8iprmdk9epraue6u33qkob" -context "software_version_and_target_device"
# webtalk_add_data -client project -key project_id -value "2019.1_12" -context "software_version_and_target_device"
# webtalk_add_data -client project -key project_iteration -value "12" -context "software_version_and_target_device"
# webtalk_add_data -client project -key os_name -value "Microsoft Windows 8 or later , 64-bit" -context "user_environment"
# webtalk_add_data -client project -key os_release -value "major release  (build 9200)" -context "user_environment"
# webtalk_add_data -client project -key cpu_name -value "Intel(R) Core(TM) i5-7600K CPU @ 3.80GHz" -context "user_environment"
# webtalk_add_data -client project -key cpu_speed -value "3792 MHz" -context "user_environment"
# webtalk_add_data -client project -key total_processors -value "1" -context "user_environment"
# webtalk_add_data -client project -key system_ram -value "17.143 GB" -context "user_environment"
# webtalk_register_client -client sdk
# webtalk_add_data -client sdk -key uid -value "1618718134737" -context "sdk\\\\hardware/1618718134737"
# webtalk_add_data -client sdk -key isZynq -value "true" -context "sdk\\\\hardware/1618718134737"
# webtalk_add_data -client sdk -key isZynqMP -value "false" -context "sdk\\\\hardware/1618718134737"
# webtalk_add_data -client sdk -key Processors -value "2" -context "sdk\\\\hardware/1618718134737"
# webtalk_add_data -client sdk -key VivadoVersion -value "2019.1" -context "sdk\\\\hardware/1618718134737"
# webtalk_add_data -client sdk -key Arch -value "zynq" -context "sdk\\\\hardware/1618718134737"
# webtalk_add_data -client sdk -key Device -value "7z020" -context "sdk\\\\hardware/1618718134737"
# webtalk_add_data -client sdk -key IsHandoff -value "true" -context "sdk\\\\hardware/1618718134737"
# webtalk_add_data -client sdk -key os -value "NA" -context "sdk\\\\hardware/1618718134737"
# webtalk_add_data -client sdk -key apptemplate -value "NA" -context "sdk\\\\hardware/1618718134737"
# webtalk_add_data -client sdk -key RecordType -value "HWCreation" -context "sdk\\\\hardware/1618718134737"
# webtalk_add_data -client sdk -key uid -value "NA" -context "sdk\\\\bsp/1618719257437"
# webtalk_add_data -client sdk -key RecordType -value "ToolUsage" -context "sdk\\\\bsp/1618719257437"
# webtalk_add_data -client sdk -key BootgenCount -value "0" -context "sdk\\\\bsp/1618719257437"
# webtalk_add_data -client sdk -key DebugCount -value "0" -context "sdk\\\\bsp/1618719257437"
# webtalk_add_data -client sdk -key PerfCount -value "0" -context "sdk\\\\bsp/1618719257437"
# webtalk_add_data -client sdk -key FlashCount -value "0" -context "sdk\\\\bsp/1618719257437"
# webtalk_add_data -client sdk -key CrossTriggCount -value "0" -context "sdk\\\\bsp/1618719257437"
# webtalk_add_data -client sdk -key QemuDebugCount -value "0" -context "sdk\\\\bsp/1618719257437"
# webtalk_transmit -clientid 3031080241 -regid "211947161_0_0_805" -xml C:\\SmartSystemsLab\\SoC\\Zybo-Z7-20-pcam-5c-2019.1\\Zybo-Z7-20-pcam-5c-2019.1\\vivado_proj\\Zybo-Z7-20-pcam-5c.sdk\\webtalk\\usage_statistics_ext_sdk.xml -html C:\\SmartSystemsLab\\SoC\\Zybo-Z7-20-pcam-5c-2019.1\\Zybo-Z7-20-pcam-5c-2019.1\\vivado_proj\\Zybo-Z7-20-pcam-5c.sdk\\webtalk\\usage_statistics_ext_sdk.html -wdm C:\\SmartSystemsLab\\SoC\\Zybo-Z7-20-pcam-5c-2019.1\\Zybo-Z7-20-pcam-5c-2019.1\\vivado_proj\\Zybo-Z7-20-pcam-5c.sdk\\webtalk\\sdk_webtalk.wdm -intro "<H3>SDK Usage Report</H3><BR>"
# webtalk_terminate
INFO: [Common 17-206] Exiting Webtalk at Sun Apr 18 00:14:21 2021...
